<?xml version="1.0" encoding="UTF-8"?>
<testng-results skipped="0" failed="0" ignored="0" total="1" passed="1">
  <reporter-output>
  </reporter-output>
  <suite name="Default suite" duration-ms="10521" started-at="2018-07-30T15:34:34Z" finished-at="2018-07-30T15:34:44Z">
    <groups>
    </groups>
    <test name="Default test" duration-ms="10521" started-at="2018-07-30T15:34:34Z" finished-at="2018-07-30T15:34:44Z">
      <class name="Tdd.NewTest">
        <test-method status="PASS" signature="beforeTest()[pri:0, instance:Tdd.NewTest@402a079c]" name="beforeTest" is-config="true" duration-ms="7726" started-at="2018-07-30T21:04:34Z" finished-at="2018-07-30T21:04:41Z">
          <reporter-output>
          </reporter-output>
        </test-method> <!-- beforeTest -->
        <test-method status="PASS" signature="f()[pri:0, instance:Tdd.NewTest@402a079c]" name="f" duration-ms="706" started-at="2018-07-30T21:04:41Z" finished-at="2018-07-30T21:04:42Z">
          <reporter-output>
          </reporter-output>
        </test-method> <!-- f -->
        <test-method status="PASS" signature="afterTest()[pri:0, instance:Tdd.NewTest@402a079c]" name="afterTest" is-config="true" duration-ms="2057" started-at="2018-07-30T21:04:42Z" finished-at="2018-07-30T21:04:44Z">
          <reporter-output>
          </reporter-output>
        </test-method> <!-- afterTest -->
      </class> <!-- Tdd.NewTest -->
    </test> <!-- Default test -->
  </suite> <!-- Default suite -->
</testng-results>
